<?xml version="1.0" encoding="UTF-8"?>
<!-- Generated by org.testng.reporters.JUnitReportReporter -->
<testsuite skipped="0" hostname="USABOS216452L" name="com.zero.qa.testcases.AccountActivityFindTransactionTest" tests="3" failures="0" timestamp="18 Oct 2018 17:04:45 GMT" time="29.940" errors="0">
  <testcase name="loginPageTitleTest" time="8.237" classname="com.zero.qa.testcases.AccountActivityFindTransactionTest"/>
  <testcase name="validAccountActivityFindTransaction" time="11.390" classname="com.zero.qa.testcases.AccountActivityFindTransactionTest"/>
  <testcase name="invalidAccountActivityFindTransaction" time="10.313" classname="com.zero.qa.testcases.AccountActivityFindTransactionTest"/>
</testsuite> <!-- com.zero.qa.testcases.AccountActivityFindTransactionTest -->
