<?xml version="1.0" encoding="UTF-8"?>
<!-- Generated by org.testng.reporters.JUnitReportReporter -->
<testsuite skipped="0" hostname="USABOS216452L" name="com.zero.qa.testcases.AccountSummaryTest" tests="3" failures="0" timestamp="18 Oct 2018 17:38:08 GMT" time="26.348" errors="0">
  <testcase name="verifyAccountSummaryTitleTest" time="8.961" classname="com.zero.qa.testcases.AccountSummaryTest"/>
  <testcase name="verifyBrokerageTest" time="8.707" classname="com.zero.qa.testcases.AccountSummaryTest"/>
  <testcase name="verifyCC" time="8.680" classname="com.zero.qa.testcases.AccountSummaryTest"/>
</testsuite> <!-- com.zero.qa.testcases.AccountSummaryTest -->
