<?xml version="1.0" encoding="UTF-8"?>
<!-- Generated by org.testng.reporters.JUnitReportReporter -->
<testsuite skipped="0" hostname="USABOS216452L" name="com.zero.qa.testcases.HomeTest" tests="2" failures="0" timestamp="16 Oct 2018 22:34:18 GMT" time="20.745" errors="0">
  <testcase name="validateTitle" time="9.509" classname="com.zero.qa.testcases.HomeTest"/>
  <testcase name="validateOnlineBanking" time="11.236" classname="com.zero.qa.testcases.HomeTest"/>
</testsuite> <!-- com.zero.qa.testcases.HomeTest -->
