<?xml version="1.0" encoding="UTF-8"?>
<!-- Generated by org.testng.reporters.JUnitReportReporter -->
<testsuite skipped="0" hostname="USABOS216452L" name="com.zero.qa.testcases.ForgotPassTest" tests="1" failures="0" timestamp="19 Oct 2018 01:10:49 GMT" time="16.762" errors="0">
  <testcase name="PageTest" time="16.762" classname="com.zero.qa.testcases.ForgotPassTest"/>
</testsuite> <!-- com.zero.qa.testcases.ForgotPassTest -->
