<?xml version="1.0" encoding="UTF-8"?>
<!-- Generated by org.testng.reporters.JUnitReportReporter -->
<testsuite skipped="0" hostname="USABOS216452L" name="com.zero.qa.testcases.PurForCurTest" tests="3" failures="0" timestamp="18 Oct 2018 16:43:43 GMT" time="36.267" errors="0">
  <testcase name="verifyPurForCurTitleTest" time="11.302" classname="com.zero.qa.testcases.PurForCurTest"/>
  <testcase name="validTest_1" time="12.174" classname="com.zero.qa.testcases.PurForCurTest"/>
  <testcase name="validTest_2" time="12.791" classname="com.zero.qa.testcases.PurForCurTest"/>
</testsuite> <!-- com.zero.qa.testcases.PurForCurTest -->
