<?xml version="1.0" encoding="UTF-8"?>
<!-- Generated by org.testng.reporters.JUnitReportReporter -->
<testsuite skipped="0" hostname="USABOS216452L" name="com.zero.qa.testcases.ForgotPassTest" tests="1" failures="0" timestamp="18 Oct 2018 17:17:17 GMT" time="8.376" errors="0">
  <testcase name="PageTest" time="8.376" classname="com.zero.qa.testcases.ForgotPassTest"/>
</testsuite> <!-- com.zero.qa.testcases.ForgotPassTest -->
