<?xml version="1.0" encoding="UTF-8"?>
<!-- Generated by org.testng.reporters.JUnitReportReporter -->
<testsuite skipped="0" hostname="USABOS216452L" name="com.zero.qa.testcases.LoginPageTest" tests="1" failures="0" timestamp="19 Oct 2018 02:59:24 GMT" time="75.499" errors="0">
  <testcase name="BreakingTheSite" time="75.499" classname="com.zero.qa.testcases.LoginPageTest"/>
</testsuite> <!-- com.zero.qa.testcases.LoginPageTest -->
