<?xml version="1.0" encoding="UTF-8"?>
<!-- Generated by org.testng.reporters.JUnitReportReporter -->
<testsuite skipped="0" hostname="USABOS216452L" name="com.zero.qa.testcases.HomeTest" tests="1" failures="0" timestamp="19 Oct 2018 01:10:49 GMT" time="6.720" errors="0">
  <testcase name="validateTitle" time="6.720" classname="com.zero.qa.testcases.HomeTest"/>
</testsuite> <!-- com.zero.qa.testcases.HomeTest -->
