<?xml version="1.0" encoding="UTF-8"?>
<!-- Generated by org.testng.reporters.JUnitReportReporter -->
<testsuite skipped="0" hostname="USABOS216452L" name="com.zero.qa.testcases.TransferFundsTest" tests="2" failures="0" timestamp="19 Oct 2018 01:10:49 GMT" time="19.244" errors="0">
  <testcase name="validAccountActivityFindTransaction" time="9.772" classname="com.zero.qa.testcases.TransferFundsTest"/>
  <testcase name="invalidAccountActivityFindTransaction" time="9.472" classname="com.zero.qa.testcases.TransferFundsTest"/>
</testsuite> <!-- com.zero.qa.testcases.TransferFundsTest -->
