<?xml version="1.0" encoding="UTF-8"?>
<!-- Generated by org.testng.reporters.JUnitReportReporter -->
<testsuite skipped="0" hostname="USABOS216452L" name="com.zero.qa.testcases.OnlineBankingTest" tests="1" failures="0" timestamp="18 Oct 2018 13:13:03 GMT" time="11.885" errors="0">
  <testcase name="validateTitle" time="11.885" classname="com.zero.qa.testcases.OnlineBankingTest"/>
</testsuite> <!-- com.zero.qa.testcases.OnlineBankingTest -->
