<?xml version="1.0" encoding="UTF-8"?>
<!-- Generated by org.testng.reporters.JUnitReportReporter -->
<testsuite skipped="0" hostname="USABOS216452L" name="com.zero.qa.testcases.HelpPage_Test" tests="3" failures="0" timestamp="18 Oct 2018 17:29:29 GMT" time="30.150" errors="0">
  <testcase name="ValidateTitle" time="9.427" classname="com.zero.qa.testcases.HelpPage_Test"/>
  <testcase name="TransferFundsTitle" time="9.851" classname="com.zero.qa.testcases.HelpPage_Test"/>
  <testcase name="PayBillTitle" time="10.872" classname="com.zero.qa.testcases.HelpPage_Test"/>
</testsuite> <!-- com.zero.qa.testcases.HelpPage_Test -->
