<?xml version="1.0" encoding="UTF-8"?>
<!-- Generated by org.testng.reporters.JUnitReportReporter -->
<testsuite skipped="0" hostname="USABOS216452L" name="com.zero.qa.testcases.OnlineStatementsTest" tests="2" failures="0" timestamp="19 Oct 2018 01:10:49 GMT" time="16.018" errors="0">
  <testcase name="Tabs1Test" time="7.910" classname="com.zero.qa.testcases.OnlineStatementsTest"/>
  <testcase name="Tabs2Test" time="8.108" classname="com.zero.qa.testcases.OnlineStatementsTest"/>
</testsuite> <!-- com.zero.qa.testcases.OnlineStatementsTest -->
