<?xml version="1.0" encoding="UTF-8"?>
<!-- Generated by org.testng.reporters.JUnitReportReporter -->
<testsuite skipped="0" hostname="USABOS216452L" name="com.zero.qa.testcases.MyMoneyMapTest" tests="1" failures="0" timestamp="19 Oct 2018 01:10:49 GMT" time="8.842" errors="0">
  <testcase name="validateMMMTitle" time="8.842" classname="com.zero.qa.testcases.MyMoneyMapTest"/>
</testsuite> <!-- com.zero.qa.testcases.MyMoneyMapTest -->
