<?xml version="1.0" encoding="UTF-8"?>
<!-- Generated by org.testng.reporters.JUnitReportReporter -->
<testsuite skipped="0" hostname="USABOS216452L" name="com.zero.qa.testcases.LoginPageTest" tests="4" failures="0" timestamp="18 Oct 2018 15:14:53 GMT" time="31.553" errors="0">
  <testcase name="loginPageTitleTest" time="7.721" classname="com.zero.qa.testcases.LoginPageTest"/>
  <testcase name="crmLogoImageTest" time="9.032" classname="com.zero.qa.testcases.LoginPageTest"/>
  <testcase name="loginTest" time="7.886" classname="com.zero.qa.testcases.LoginPageTest"/>
  <testcase name="validateCheckBoxTest" time="6.914" classname="com.zero.qa.testcases.LoginPageTest"/>
</testsuite> <!-- com.zero.qa.testcases.LoginPageTest -->
