<?xml version="1.0" encoding="UTF-8"?>
<!-- Generated by org.testng.reporters.JUnitReportReporter -->
<testsuite skipped="0" hostname="USABOS216452L" name="com.zero.qa.testcases.HelpPage_Test" tests="2" failures="0" timestamp="19 Oct 2018 01:10:49 GMT" time="16.110" errors="0">
  <testcase name="ValidateTitle" time="8.044" classname="com.zero.qa.testcases.HelpPage_Test"/>
  <testcase name="TransferFundsTitle" time="8.066" classname="com.zero.qa.testcases.HelpPage_Test"/>
</testsuite> <!-- com.zero.qa.testcases.HelpPage_Test -->
